<?xml version="1.0" encoding="UTF-8"?>
<testsuite xmlns:xsi="http://www.w3.org/2001/XMLSchema-instance" xsi:noNamespaceSchemaLocation="https://maven.apache.org/surefire/maven-surefire-plugin/xsd/surefire-test-report.xsd" version="3.0.2" name="TemperatureConverterTest" time="0.023" tests="13" errors="0" skipped="0" failures="0">
  <properties>
[...]
</properties>
  <testcase name="isExtremeTemperaturePositive" classname="TemperatureConverterTest" time="0.001"/>
  <testcase name="isExtremeTemperatureNegative" classname="TemperatureConverterTest" time="0.0"/>
  <testcase name="fahrenheitToCelsiusNegative20" classname="TemperatureConverterTest" time="0.0"/>
  <testcase name="fahrenheitToCelsiusPositive32" classname="TemperatureConverterTest" time="0.0"/>
  <testcase name="isExtremeTemperatureNegative40" classname="TemperatureConverterTest" time="0.0"/>
  <testcase name="celsiusToFahrenheit0" classname="TemperatureConverterTest" time="0.0"/>
  <testcase name="celsiusToFahrenheitNegative20" classname="TemperatureConverterTest" time="0.001"/>
  <testcase name="isExtremeTemperaturePositive50" classname="TemperatureConverterTest" time="0.0"/>
  <testcase name="isExtremeTemperatureNeutral" classname="TemperatureConverterTest" time="0.0"/>
  <testcase name="celsiusToFahrenheitPositive20" classname="TemperatureConverterTest" time="0.0"/>
  <testcase name="celsiusToFahrenheitPositive100" classname="TemperatureConverterTest" time="0.0"/>
  <testcase name="fahrenheitToCelsius0" classname="TemperatureConverterTest" time="0.0"/>
  <testcase name="celsiusToFahrenheitNegative100" classname="TemperatureConverterTest" time="0.0"/>
</testsuite>